2023/01/07 22:06:39 [error] [exception.CHttpException.404] exception 'CHttpException' with message 'Unable to resolve the request "gii".' in C:\wamp64\www\framework\web\CWebApplication.php:286
Stack trace:
#0 C:\wamp64\www\framework\web\CWebApplication.php(141): CWebApplication->runController('gii')
#1 C:\wamp64\www\framework\base\CApplication.php(185): CWebApplication->processRequest()
#2 C:\wamp64\www\web\index.php(11): CApplication->run()
#3 {main}
REQUEST_URI=/web/gii
---
2023/01/07 22:16:15 [error] [exception.CHttpException.404] exception 'CHttpException' with message 'Unable to resolve the request "gii".' in C:\wamp64\www\framework\web\CWebApplication.php:286
Stack trace:
#0 C:\wamp64\www\framework\web\CWebApplication.php(141): CWebApplication->runController('gii')
#1 C:\wamp64\www\framework\base\CApplication.php(185): CWebApplication->processRequest()
#2 C:\wamp64\www\web\index.php(11): CApplication->run()
#3 {main}
REQUEST_URI=/web/gii
---
2023/01/07 22:21:09 [error] [exception.CHttpException.404] exception 'CHttpException' with message 'Unable to resolve the request "gii".' in C:\wamp64\www\framework\web\CWebApplication.php:286
Stack trace:
#0 C:\wamp64\www\framework\web\CWebApplication.php(141): CWebApplication->runController('gii')
#1 C:\wamp64\www\framework\base\CApplication.php(185): CWebApplication->processRequest()
#2 C:\wamp64\www\web\index.php(11): CApplication->run()
#3 {main}
REQUEST_URI=/web/gii
---
2023/01/07 22:23:41 [error] [exception.CException] exception 'CException' with message 'CAssetManager.basePath "C:\wamp64\www\web\assets" is invalid. Please make sure the directory exists and is writable by the Web server process.' in C:\wamp64\www\framework\web\CAssetManager.php:138
Stack trace:
#0 C:\wamp64\www\framework\web\CAssetManager.php(123): CAssetManager->setBasePath('C:\\wamp64\\www\\w...')
#1 C:\wamp64\www\framework\web\CAssetManager.php(217): CAssetManager->getBasePath()
#2 C:\wamp64\www\framework\gii\GiiModule.php(143): CAssetManager->publish('C:\\wamp64\\www\\f...')
#3 C:\wamp64\www\framework\base\CComponent.php(111): GiiModule->getAssetsUrl()
#4 C:\wamp64\www\framework\base\CModule.php(105): CComponent->__get('assetsUrl')
#5 C:\wamp64\www\framework\gii\views\layouts\main.php(5): CModule->__get('assetsUrl')
#6 C:\wamp64\www\framework\web\CBaseController.php(126): require('C:\\wamp64\\www\\f...')
#7 C:\wamp64\www\framework\web\CBaseController.php(95): CBaseController->renderInternal('C:\\wamp64\\www\\f...', Array, true)
#8 C:\wamp64\www\framework\web\widgets\CContentDecorator.php(76): CBaseController->renderFile('C:\\wamp64\\www\\f...', Array, true)
#9 C:\wamp64\www\framework\web\widgets\CContentDecorator.php(54): CContentDecorator->decorate('<div class="con...')
#10 C:\wamp64\www\framework\web\widgets\COutputProcessor.php(44): CContentDecorator->processOutput('<div class="con...')
#11 C:\wamp64\www\framework\web\CBaseController.php(214): COutputProcessor->run()
#12 C:\wamp64\www\framework\web\CBaseController.php(308): CBaseController->endWidget('CContentDecorat...')
#13 C:\wamp64\www\framework\gii\views\layouts\column1.php(7): CBaseController->endContent()
#14 C:\wamp64\www\framework\web\CBaseController.php(126): require('C:\\wamp64\\www\\f...')
#15 C:\wamp64\www\framework\web\CBaseController.php(95): CBaseController->renderInternal('C:\\wamp64\\www\\f...', Array, true)
#16 C:\wamp64\www\framework\web\CController.php(784): CBaseController->renderFile('C:\\wamp64\\www\\f...', Array, true)
#17 C:\wamp64\www\framework\gii\controllers\DefaultController.php(47): CController->render('login', Array)
#18 C:\wamp64\www\framework\web\actions\CInlineAction.php(49): DefaultController->actionLogin()
#19 C:\wamp64\www\framework\web\CController.php(308): CInlineAction->runWithParams(Array)
#20 C:\wamp64\www\framework\web\CController.php(286): CController->runAction(Object(CInlineAction))
#21 C:\wamp64\www\framework\web\CController.php(265): CController->runActionWithFilters(Object(CInlineAction), Array)
#22 C:\wamp64\www\framework\web\CWebApplication.php(282): CController->run('login')
#23 C:\wamp64\www\framework\web\CWebApplication.php(141): CWebApplication->runController('gii/default/log...')
#24 C:\wamp64\www\framework\base\CApplication.php(185): CWebApplication->processRequest()
#25 C:\wamp64\www\web\index.php(11): CApplication->run()
#26 {main}
REQUEST_URI=/web/gii/default/login
---
